app/api/send-email/route.tsx(119,7): error TS2322: Type 'CreateEmailResponse' is not assignable to type '{ data: null; error: null; }'.
  Type '{ error: ErrorResponse; data: null; } & { headers: Record<string, string> | null; }' is not assignable to type '{ data: null; error: null; }'.
    Types of property 'error' are incompatible.
      Type 'ErrorResponse' is not assignable to type 'null'.
app/layout.tsx(73,5): error TS2353: Object literal may only specify known properties, and 'bingbot' does not exist in type 'Robots'.
components/3d-card-effect.tsx(13,19): error TS2347: Untyped function calls may not accept type arguments.
components/blxk-chatbot.tsx(22,26): error TS2347: Untyped function calls may not accept type arguments.
components/blxk-chatbot.tsx(23,11): error TS2339: Property 'isDayMode' does not exist on type '{ theme: any; toggleTheme: () => void; mounted: any; }'.
components/blxk-chatbot.tsx(33,45): error TS2694: Namespace '"react"' has no exported member 'FormEvent'.
components/blxk-chatbot.tsx(56,46): error TS7006: Parameter 'm' implicitly has an 'any' type.
components/blxk-chatbot.tsx(151,28): error TS7006: Parameter 'message' implicitly has an 'any' type.
components/navigation.tsx(13,24): error TS2347: Untyped function calls may not accept type arguments.
components/navigation.tsx(191,14): error TS2322: Type '{ children: string; jsx: true; global: true; }' is not assignable to type 'DetailedHTMLProps<StyleHTMLAttributes<HTMLStyleElement>, HTMLStyleElement>'.
  Property 'jsx' does not exist on type 'DetailedHTMLProps<StyleHTMLAttributes<HTMLStyleElement>, HTMLStyleElement>'.
components/project-demos.tsx(8,39): error TS2347: Untyped function calls may not accept type arguments.
components/project-form-modal.tsx(25,43): error TS2347: Untyped function calls may not accept type arguments.
components/project-form-modal.tsx(27,37): error TS2347: Untyped function calls may not accept type arguments.
components/project-form-modal.tsx(41,40): error TS2694: Namespace '"react"' has no exported member 'FormEvent'.
components/project-form-modal.tsx(92,27): error TS7006: Parameter 'particle' implicitly has an 'any' type.
components/project-form-modal.tsx(102,28): error TS2694: Namespace '"react"' has no exported member 'CSSProperties'.
components/project-form-modal.tsx(142,28): error TS7006: Parameter 'e' implicitly has an 'any' type.
components/project-form-modal.tsx(157,28): error TS7006: Parameter 'e' implicitly has an 'any' type.
components/project-form-modal.tsx(173,28): error TS7006: Parameter 'e' implicitly has an 'any' type.
components/project-form-modal.tsx(186,28): error TS7006: Parameter 'e' implicitly has an 'any' type.
components/project-form-modal.tsx(201,26): error TS7006: Parameter 'e' implicitly has an 'any' type.
components/smart-chatbot-handler.tsx(17,35): error TS2347: Untyped function calls may not accept type arguments.
components/smart-chatbot-handler.tsx(22,22): error TS2347: Untyped function calls may not accept type arguments.
components/smart-chatbot-handler.tsx(23,26): error TS2347: Untyped function calls may not accept type arguments.
components/smart-chatbot-handler.tsx(37,18): error TS7006: Parameter 'prev' implicitly has an 'any' type.
components/smart-chatbot-handler.tsx(53,22): error TS7006: Parameter 'prev' implicitly has an 'any' type.
components/smart-chatbot-handler.tsx(83,18): error TS7006: Parameter 'prev' implicitly has an 'any' type.
components/smart-chatbot-handler.tsx(146,25): error TS7006: Parameter 'msg' implicitly has an 'any' type.
components/ui/button.tsx(40,17): error TS2724: '"react"' has no exported member named 'ButtonHTMLAttributes'. Did you mean 'HTMLAttributes'?
hooks/use-chat-history.ts(15,35): error TS2347: Untyped function calls may not accept type arguments.
hooks/use-chat-history.ts(55,18): error TS7006: Parameter 'prev' implicitly has an 'any' type.
hooks/use-theme.ts(8,29): error TS2347: Untyped function calls may not accept type arguments.
